D:\USERS\FALLSNOW\DESKTOP\MYERSTRIANGLE\MYERSTRIANGLE\RELEASE\MYERSTRIANGLE.OBJ
D:\USERS\FALLSNOW\DESKTOP\MYERSTRIANGLE\MYERSTRIANGLE\RELEASE\MAIN.OBJ
D:\USERS\FALLSNOW\DESKTOP\MYERSTRIANGLE\MYERSTRIANGLE\RELEASE\VC110.PDB
D:\USERS\FALLSNOW\DESKTOP\MYERSTRIANGLE\RELEASE\MYERSTRIANGLE.EXE
D:\USERS\FALLSNOW\DESKTOP\MYERSTRIANGLE\RELEASE\MYERSTRIANGLE.PDB
D:\Users\fallsnow\Desktop\MyersTriangle\MyersTriangle\Release\Main.obj
D:\Users\fallsnow\Desktop\MyersTriangle\MyersTriangle\Release\MyersTriangle.obj
D:\Users\fallsnow\Desktop\MyersTriangle\MyersTriangle\Release\cl.command.1.tlog
D:\Users\fallsnow\Desktop\MyersTriangle\MyersTriangle\Release\CL.read.1.tlog
D:\Users\fallsnow\Desktop\MyersTriangle\MyersTriangle\Release\CL.write.1.tlog
D:\Users\fallsnow\Desktop\MyersTriangle\MyersTriangle\Release\link-cvtres.read.1.tlog
D:\Users\fallsnow\Desktop\MyersTriangle\MyersTriangle\Release\link-cvtres.write.1.tlog
D:\Users\fallsnow\Desktop\MyersTriangle\MyersTriangle\Release\link-rc.read.1.tlog
D:\Users\fallsnow\Desktop\MyersTriangle\MyersTriangle\Release\link-rc.write.1.tlog
D:\Users\fallsnow\Desktop\MyersTriangle\MyersTriangle\Release\link.command.1.tlog
D:\Users\fallsnow\Desktop\MyersTriangle\MyersTriangle\Release\link.read.1.tlog
D:\Users\fallsnow\Desktop\MyersTriangle\MyersTriangle\Release\link.write.1.tlog
D:\Users\fallsnow\Desktop\MyersTriangle\MyersTriangle\Release\vc110.pdb
D:\Users\fallsnow\Desktop\MyersTriangle\Release\MyersTriangle.pdb
D:\Users\fallsnow\Desktop\MyersTriangle\Release\MyersTriangle.exe
